<?xml version="1.0" encoding="UTF-8"?>
<!-- Generated by org.testng.reporters.JUnitReportReporter -->
<testsuite hostname="pollys-MacBook-Air.local" name="bdd.runners.RunnerClass" tests="1" failures="0" timestamp="24 Feb 2020 02:55:29 GMT" time="23.876" errors="0">
  <testcase name="feature" time="23.876" classname="bdd.runners.RunnerClass"/>
</testsuite> <!-- bdd.runners.RunnerClass -->
